<?xml version="1.0" encoding="UTF-8"?>
<!-- Generated by org.testng.reporters.JUnitReportReporter -->
<testsuite skipped="0" hostname="LAPTOP-C0KD7D2E" name="com.qa.tests.TestNGMaven" tests="2" failures="0" timestamp="04 Dec 2018 06:30:38 GMT" time="0.026" errors="0">
  <testcase name="Sum" time="0.002" classname="com.qa.tests.TestNGMaven"/>
  <testcase name="Sub" time="0.024" classname="com.qa.tests.TestNGMaven"/>
</testsuite> <!-- com.qa.tests.TestNGMaven -->
